CRITICAL - 2023-09-25 14:40:09 --> include_once(header): Failed to open stream: No such file or directory
in APPPATH\Views\assets\template.php on line 11.
 1 APPPATH\Views\assets\template.php(11): CodeIgniter\Debug\Exceptions->errorHandler(2, 'include_once(header): Failed to open stream: No such file or directory', 'F:\\xampp\\htdocs\\kharigo\\app\\Views\\assets\\template.php', 11)
 2 APPPATH\Views\assets\template.php(11): include_once()
 3 SYSTEMPATH\View\View.php(226): include('F:\\xampp\\htdocs\\kharigo\\app\\Views\\assets\\template.php')
 4 SYSTEMPATH\View\View.php(229): CodeIgniter\View\View->CodeIgniter\View\{closure}()
 5 SYSTEMPATH\View\View.php(242): CodeIgniter\View\View->render('assets/template', [], true)
 6 SYSTEMPATH\Common.php(1188): CodeIgniter\View\View->render('index', [], true)
 7 APPPATH\Controllers\Home.php(9): view('index')
 8 SYSTEMPATH\CodeIgniter.php(919): App\Controllers\Home->index()
 9 SYSTEMPATH\CodeIgniter.php(494): CodeIgniter\CodeIgniter->runController(Object(App\Controllers\Home))
10 SYSTEMPATH\CodeIgniter.php(353): CodeIgniter\CodeIgniter->handleRequest(null, Object(Config\Cache), false)
11 FCPATH\index.php(79): CodeIgniter\CodeIgniter->run()
CRITICAL - 2023-09-25 14:40:27 --> include_once(footer): Failed to open stream: No such file or directory
in APPPATH\Views\assets\template.php on line 17.
 1 APPPATH\Views\assets\template.php(17): CodeIgniter\Debug\Exceptions->errorHandler(2, 'include_once(footer): Failed to open stream: No such file or directory', 'F:\\xampp\\htdocs\\kharigo\\app\\Views\\assets\\template.php', 17)
 2 APPPATH\Views\assets\template.php(17): include_once()
 3 SYSTEMPATH\View\View.php(226): include('F:\\xampp\\htdocs\\kharigo\\app\\Views\\assets\\template.php')
 4 SYSTEMPATH\View\View.php(229): CodeIgniter\View\View->CodeIgniter\View\{closure}()
 5 SYSTEMPATH\View\View.php(242): CodeIgniter\View\View->render('assets/template', [], true)
 6 SYSTEMPATH\Common.php(1188): CodeIgniter\View\View->render('index', [], true)
 7 APPPATH\Controllers\Home.php(9): view('index')
 8 SYSTEMPATH\CodeIgniter.php(919): App\Controllers\Home->index()
 9 SYSTEMPATH\CodeIgniter.php(494): CodeIgniter\CodeIgniter->runController(Object(App\Controllers\Home))
10 SYSTEMPATH\CodeIgniter.php(353): CodeIgniter\CodeIgniter->handleRequest(null, Object(Config\Cache), false)
11 FCPATH\index.php(79): CodeIgniter\CodeIgniter->run()
CRITICAL - 2023-09-25 19:36:20 --> Undefined variable $base_url
in APPPATH\Views\pricing_plans.php on line 48.
 1 APPPATH\Views\pricing_plans.php(48): CodeIgniter\Debug\Exceptions->errorHandler(2, 'Undefined variable $base_url', 'F:\\xampp\\htdocs\\kharigo\\app\\Views\\pricing_plans.php', 48)
 2 SYSTEMPATH\View\View.php(226): include('F:\\xampp\\htdocs\\kharigo\\app\\Views\\pricing_plans.php')
 3 SYSTEMPATH\View\View.php(229): CodeIgniter\View\View->CodeIgniter\View\{closure}()
 4 SYSTEMPATH\Common.php(1188): CodeIgniter\View\View->render('pricing_plans', [], true)
 5 APPPATH\Controllers\Home.php(28): view('pricing_plans')
 6 SYSTEMPATH\CodeIgniter.php(919): App\Controllers\Home->pricing_plans()
 7 SYSTEMPATH\CodeIgniter.php(494): CodeIgniter\CodeIgniter->runController(Object(App\Controllers\Home))
 8 SYSTEMPATH\CodeIgniter.php(353): CodeIgniter\CodeIgniter->handleRequest(null, Object(Config\Cache), false)
 9 FCPATH\index.php(79): CodeIgniter\CodeIgniter->run()
CRITICAL - 2023-09-25 19:37:01 --> Undefined variable $base_url
in APPPATH\Views\pricing_plans.php on line 48.
 1 APPPATH\Views\pricing_plans.php(48): CodeIgniter\Debug\Exceptions->errorHandler(2, 'Undefined variable $base_url', 'F:\\xampp\\htdocs\\kharigo\\app\\Views\\pricing_plans.php', 48)
 2 SYSTEMPATH\View\View.php(226): include('F:\\xampp\\htdocs\\kharigo\\app\\Views\\pricing_plans.php')
 3 SYSTEMPATH\View\View.php(229): CodeIgniter\View\View->CodeIgniter\View\{closure}()
 4 SYSTEMPATH\Common.php(1188): CodeIgniter\View\View->render('pricing_plans', [], true)
 5 APPPATH\Controllers\Home.php(28): view('pricing_plans')
 6 SYSTEMPATH\CodeIgniter.php(919): App\Controllers\Home->pricing_plans()
 7 SYSTEMPATH\CodeIgniter.php(494): CodeIgniter\CodeIgniter->runController(Object(App\Controllers\Home))
 8 SYSTEMPATH\CodeIgniter.php(353): CodeIgniter\CodeIgniter->handleRequest(null, Object(Config\Cache), false)
 9 FCPATH\index.php(79): CodeIgniter\CodeIgniter->run()
CRITICAL - 2023-09-25 19:37:58 --> Undefined variable $base_url
in APPPATH\Views\pricing_plans.php on line 48.
 1 APPPATH\Views\pricing_plans.php(48): CodeIgniter\Debug\Exceptions->errorHandler(2, 'Undefined variable $base_url', 'F:\\xampp\\htdocs\\kharigo\\app\\Views\\pricing_plans.php', 48)
 2 SYSTEMPATH\View\View.php(226): include('F:\\xampp\\htdocs\\kharigo\\app\\Views\\pricing_plans.php')
 3 SYSTEMPATH\View\View.php(229): CodeIgniter\View\View->CodeIgniter\View\{closure}()
 4 SYSTEMPATH\Common.php(1188): CodeIgniter\View\View->render('pricing_plans', [], true)
 5 APPPATH\Controllers\Home.php(28): view('pricing_plans')
 6 SYSTEMPATH\CodeIgniter.php(919): App\Controllers\Home->pricing_plans()
 7 SYSTEMPATH\CodeIgniter.php(494): CodeIgniter\CodeIgniter->runController(Object(App\Controllers\Home))
 8 SYSTEMPATH\CodeIgniter.php(353): CodeIgniter\CodeIgniter->handleRequest(null, Object(Config\Cache), false)
 9 FCPATH\index.php(79): CodeIgniter\CodeIgniter->run()
